This is pdfTeX, Version 3.14159265-2.6-1.40.17 (MiKTeX 2.9) (preloaded format=pdflatex 2016.9.30)  13 MAR 2017 18:26
entering extended mode
**./lab2.tex
(lab2.tex
LaTeX2e <2016/03/31>
Babel <3.9r> and hyphenation patterns for 75 language(s) loaded.
(D:\texmfs\install\tex\latex\base\article.cls
Document Class: article 2014/09/29 v1.4h Standard LaTeX document class
(D:\texmfs\install\tex\latex\base\size10.clo
File: size10.clo 2014/09/29 v1.4h Standard LaTeX file (size option)
)
\c@part=\count79
\c@section=\count80
\c@subsection=\count81
\c@subsubsection=\count82
\c@paragraph=\count83
\c@subparagraph=\count84
\c@figure=\count85
\c@table=\count86
\abovecaptionskip=\skip41
\belowcaptionskip=\skip42
\bibindent=\dimen102
)
(D:\texmfs\install\tex\latex\base\inputenc.sty
Package: inputenc 2015/03/17 v1.2c Input encoding file
\inpenc@prehook=\toks14
\inpenc@posthook=\toks15

(D:\texmfs\install\tex\latex\ucs\utf8x.def
File: utf8x.def 2004/10/17 UCS: Input encoding UTF-8
))
(D:\texmfs\install\tex\latex\ucs\ucs.sty
Package: ucs 2013/05/11 v2.2 UCS: Unicode input support

(D:\texmfs\install\tex\latex\ucs\uni-global.def
File: uni-global.def 2013/05/13 UCS: Unicode global data
)
\uc@secondtry=\count87
\uc@combtoks=\toks16
\uc@combtoksb=\toks17
\uc@temptokena=\toks18
)
(D:\texmfs\install\tex\latex\base\fontenc.sty
Package: fontenc 2005/09/27 v1.99g Standard LaTeX package

(D:\texmfs\install\tex\latex\cyrillic\t2aenc.def
File: t2aenc.def 2005/09/27 v1.0i Cyrillic encoding definition file
)
LaTeX Font Info:    Try loading font information for T2A+cmr on input line 105.


(D:\texmfs\install\tex\latex\cyrillic\t2acmr.fd
File: t2acmr.fd 2001/08/11 v1.0a Computer Modern Cyrillic font definitions
))
(D:\texmfs\install\tex\generic\babel\babel.sty
Package: babel 2016/04/23 3.9r The Babel package

*************************************
* Local config file bblopts.cfg used
*
(D:\texmfs\install\tex\latex\arabi\bblopts.cfg
File: bblopts.cfg 2005/09/08 v0.1 add Arabic and Farsi to "declared" options of
 babel
)
(D:\texmfs\install\tex\latex\babel-russian\russianb.ldf
Language: russianb 2016/02/18 1.3h Russian support for the Babel system

(D:\texmfs\install\tex\generic\babel\babel.def
File: babel.def 2016/04/23 3.9r Babel common definitions
\babel@savecnt=\count88
\U@D=\dimen103
)
Package babel Info: Making " an active character on input line 111.
))
(D:\texmfs\install\tex\latex\hyperref\hyperref.sty
Package: hyperref 2016/05/05 v6.83n Hypertext links for LaTeX

(D:\texmfs\install\tex\generic\oberdiek\hobsub-hyperref.sty
Package: hobsub-hyperref 2016/05/16 v1.14 Bundle oberdiek, subset hyperref (HO)


(D:\texmfs\install\tex\generic\oberdiek\hobsub-generic.sty
Package: hobsub-generic 2016/05/16 v1.14 Bundle oberdiek, subset generic (HO)
Package: hobsub 2016/05/16 v1.14 Construct package bundles (HO)
Package: infwarerr 2016/05/16 v1.4 Providing info/warning/error messages (HO)
Package: ltxcmds 2016/05/16 v1.23 LaTeX kernel commands for general use (HO)
Package: ifluatex 2016/05/16 v1.4 Provides the ifluatex switch (HO)
Package ifluatex Info: LuaTeX not detected.
Package: ifvtex 2016/05/16 v1.6 Detect VTeX and its facilities (HO)
Package ifvtex Info: VTeX not detected.
Package: intcalc 2016/05/16 v1.2 Expandable calculations with integers (HO)
Package: ifpdf 2016/05/14 v3.1 Provides the ifpdf switch
Package: etexcmds 2016/05/16 v1.6 Avoid name clashes with e-TeX commands (HO)
Package etexcmds Info: Could not find \expanded.
(etexcmds)             That can mean that you are not using pdfTeX 1.50 or
(etexcmds)             that some package has redefined \expanded.
(etexcmds)             In the latter case, load this package earlier.
Package: kvsetkeys 2016/05/16 v1.17 Key value parser (HO)
Package: kvdefinekeys 2016/05/16 v1.4 Define keys (HO)
Package: pdftexcmds 2016/05/10 v0.21 Utility functions of pdfTeX for LuaTeX (HO
)
Package pdftexcmds Info: LuaTeX not detected.
Package pdftexcmds Info: \pdf@primitive is available.
Package pdftexcmds Info: \pdf@ifprimitive is available.
Package pdftexcmds Info: \pdfdraftmode found.
Package: pdfescape 2016/05/16 v1.14 Implements pdfTeX's escape features (HO)
Package: bigintcalc 2016/05/16 v1.4 Expandable calculations on big integers (HO
)
Package: bitset 2016/05/16 v1.2 Handle bit-vector datatype (HO)
Package: uniquecounter 2016/05/16 v1.3 Provide unlimited unique counter (HO)
)
Package hobsub Info: Skipping package `hobsub' (already loaded).
Package: letltxmacro 2016/05/16 v1.5 Let assignment for LaTeX macros (HO)
Package: hopatch 2016/05/16 v1.3 Wrapper for package hooks (HO)
Package: xcolor-patch 2016/05/16 xcolor patch
Package: atveryend 2016/05/16 v1.9 Hooks at the very end of document (HO)
Package atveryend Info: \enddocument detected (standard20110627).
Package: atbegshi 2016/05/16 v1.17 At begin shipout hook (HO)
Package: refcount 2016/05/16 v3.5 Data extraction from label references (HO)
Package: hycolor 2016/05/16 v1.8 Color options for hyperref/bookmark (HO)
)
(D:\texmfs\install\tex\latex\graphics\keyval.sty
Package: keyval 2014/10/28 v1.15 key=value parser (DPC)
\KV@toks@=\toks19
)
(D:\texmfs\install\tex\generic\ifxetex\ifxetex.sty
Package: ifxetex 2010/09/12 v0.6 Provides ifxetex conditional
)
(D:\texmfs\install\tex\latex\oberdiek\auxhook.sty
Package: auxhook 2016/05/16 v1.4 Hooks for auxiliary files (HO)
)
(D:\texmfs\install\tex\latex\oberdiek\kvoptions.sty
Package: kvoptions 2016/05/16 v3.12 Key value format for package options (HO)
)
\@linkdim=\dimen104
\Hy@linkcounter=\count89
\Hy@pagecounter=\count90

(D:\texmfs\install\tex\latex\hyperref\pd1enc.def
File: pd1enc.def 2016/05/05 v6.83n Hyperref: PDFDocEncoding definition (HO)
)
\Hy@SavedSpaceFactor=\count91
Package hyperref Info: Option `unicode' set `true' on input line 3414.

(D:\texmfs\install\tex\latex\hyperref\puenc.def
File: puenc.def 2016/05/05 v6.83n Hyperref: PDF Unicode definition (HO)
)
(D:\texmfs\install\tex\latex\00miktex\hyperref.cfg
File: hyperref.cfg 2002/06/06 v1.2 hyperref configuration of TeXLive
)
Package hyperref Info: Hyper figures OFF on input line 4446.
Package hyperref Info: Link nesting OFF on input line 4451.
Package hyperref Info: Hyper index ON on input line 4454.
Package hyperref Info: Plain pages OFF on input line 4461.
Package hyperref Info: Backreferencing OFF on input line 4466.
Package hyperref Info: Implicit mode ON; LaTeX internals redefined.
Package hyperref Info: Bookmarks ON on input line 4691.
\c@Hy@tempcnt=\count92

(D:\texmfs\install\tex\latex\url\url.sty
\Urlmuskip=\muskip10
Package: url 2013/09/16  ver 3.4  Verb mode for urls, etc.
)
LaTeX Info: Redefining \url on input line 5044.
\XeTeXLinkMargin=\dimen105
\Fld@menulength=\count93
\Field@Width=\dimen106
\Fld@charsize=\dimen107
Package hyperref Info: Hyper figures OFF on input line 6298.
Package hyperref Info: Link nesting OFF on input line 6303.
Package hyperref Info: Hyper index ON on input line 6306.
Package hyperref Info: backreferencing OFF on input line 6313.
Package hyperref Info: Link coloring OFF on input line 6318.
Package hyperref Info: Link coloring with OCG OFF on input line 6323.
Package hyperref Info: PDF/A mode OFF on input line 6328.
LaTeX Info: Redefining \ref on input line 6368.
LaTeX Info: Redefining \pageref on input line 6372.
\Hy@abspage=\count94
\c@Item=\count95
\c@Hfootnote=\count96
)

Package hyperref Message: Driver (autodetected): hpdftex.

(D:\texmfs\install\tex\latex\hyperref\hpdftex.def
File: hpdftex.def 2016/05/05 v6.83n Hyperref driver for pdfTeX
\Fld@listcount=\count97
\c@bookmark@seq@number=\count98

(D:\texmfs\install\tex\latex\oberdiek\rerunfilecheck.sty
Package: rerunfilecheck 2016/05/16 v1.8 Rerun checks for auxiliary files (HO)
Package uniquecounter Info: New unique counter `rerunfilecheck' on input line 2
82.
)
\Hy@SectionHShift=\skip43
)
(D:\texmfs\install\tex\latex\tools\indentfirst.sty
Package: indentfirst 1995/11/23 v1.03 Indent first paragraph (DPC)
)
(D:\texmfs\install\tex\latex\listings\listings.sty
\lst@mode=\count99
\lst@gtempboxa=\box26
\lst@token=\toks20
\lst@length=\count100
\lst@currlwidth=\dimen108
\lst@column=\count101
\lst@pos=\count102
\lst@lostspace=\dimen109
\lst@width=\dimen110
\lst@newlines=\count103
\lst@lineno=\count104
\lst@maxwidth=\dimen111

(D:\texmfs\install\tex\latex\listings\lstmisc.sty
File: lstmisc.sty 2015/06/04 1.6 (Carsten Heinz)
\c@lstnumber=\count105
\lst@skipnumbers=\count106
\lst@framebox=\box27
)
(D:\texmfs\install\tex\latex\listings\listings.cfg
File: listings.cfg 2015/06/04 1.6 listings configuration
))
Package: listings 2015/06/04 1.6 (Carsten Heinz)

(D:\texmfs\install\tex\latex\graphics\color.sty
Package: color 2016/05/09 v1.1c Standard LaTeX Color (DPC)

(D:\texmfs\install\tex\latex\00miktex\color.cfg
File: color.cfg 2016/01/02 v1.6 sample color configuration
)
Package color Info: Driver file: pdftex.def on input line 144.

(D:\texmfs\install\tex\latex\pdftex-def\pdftex.def
File: pdftex.def 2011/05/27 v0.06d Graphics/color for pdfTeX
\Gread@gobject=\count107
))
(D:\texmfs\install\tex\latex\ltxmisc\here.sty)
(D:\texmfs\install\tex\latex\cmap\cmap.sty
Package: cmap 2008/03/06 v1.0h CMap support: searchable PDF


Package cmap Warning: fontenc already loaded - some fonts may be unprocessed.

) (D:\texmfs\install\tex\latex\psnfss\times.sty
Package: times 2005/04/12 PSNFSS-v9.2a (SPQR) 
)
(D:\texmfs\install\tex\latex\graphics\graphicx.sty
Package: graphicx 2014/10/28 v1.0g Enhanced LaTeX Graphics (DPC,SPQR)

(D:\texmfs\install\tex\latex\graphics\graphics.sty
Package: graphics 2016/05/09 v1.0r Standard LaTeX Graphics (DPC,SPQR)

(D:\texmfs\install\tex\latex\graphics\trig.sty
Package: trig 2016/01/03 v1.10 sin cos tan (DPC)
)
(D:\texmfs\install\tex\latex\00miktex\graphics.cfg
File: graphics.cfg 2016/01/02 v1.10 sample graphics configuration
)
Package graphics Info: Driver file: pdftex.def on input line 96.
)
\Gin@req@height=\dimen112
\Gin@req@width=\dimen113
)
(D:\texmfs\install\tex\latex\caption\caption.sty
Package: caption 2016/02/21 v3.3-144 Customizing captions (AR)

(D:\texmfs\install\tex\latex\caption\caption3.sty
Package: caption3 2016/05/22 v1.7-166 caption3 kernel (AR)
Package caption3 Info: TeX engine: e-TeX on input line 67.
\captionmargin=\dimen114
\captionmargin@=\dimen115
\captionwidth=\dimen116
\caption@tempdima=\dimen117
\caption@indent=\dimen118
\caption@parindent=\dimen119
\caption@hangindent=\dimen120
)
\c@ContinuedFloat=\count108
Package caption Info: hyperref package is loaded.
Package caption Info: listings package is loaded.
)
(D:\texmfs\install\tex\latex\geometry\geometry.sty
Package: geometry 2010/09/12 v5.6 Page Geometry
\Gm@cnth=\count109
\Gm@cntv=\count110
\c@Gm@tempcnt=\count111
\Gm@bindingoffset=\dimen121
\Gm@wd@mp=\dimen122
\Gm@odd@mp=\dimen123
\Gm@even@mp=\dimen124
\Gm@layoutwidth=\dimen125
\Gm@layoutheight=\dimen126
\Gm@layouthoffset=\dimen127
\Gm@layoutvoffset=\dimen128
\Gm@dimlist=\toks21

(D:\texmfs\install\tex\latex\geometry\geometry.cfg))

LaTeX Warning: Unused global option(s):
    [14pt].

(lab2.aux

LaTeX Warning: Label `img:ftp_scheme' multiply defined.


LaTeX Warning: Label `img:ftp_scheme' multiply defined.


LaTeX Warning: Label `img:ftp_scheme' multiply defined.


LaTeX Warning: Label `img:ftp_scheme' multiply defined.


LaTeX Warning: Label `img:ftp_scheme' multiply defined.


LaTeX Warning: Label `img:ftp_scheme' multiply defined.


LaTeX Warning: Label `img:ftp_act1' multiply defined.


LaTeX Warning: Label `img:ftp_act1' multiply defined.


LaTeX Warning: Label `img:ftp_act1' multiply defined.


LaTeX Warning: Label `img:ftp_act1' multiply defined.


LaTeX Warning: Label `img:ftp_act1' multiply defined.


LaTeX Warning: Label `img:ftp_act1' multiply defined.


LaTeX Warning: Label `img:ftp_act1' multiply defined.

)
\openout1 = `lab2.aux'.

LaTeX Font Info:    Checking defaults for OML/cmm/m/it on input line 129.
LaTeX Font Info:    ... okay on input line 129.
LaTeX Font Info:    Checking defaults for T1/cmr/m/n on input line 129.
LaTeX Font Info:    ... okay on input line 129.
LaTeX Font Info:    Checking defaults for OT1/cmr/m/n on input line 129.
LaTeX Font Info:    ... okay on input line 129.
LaTeX Font Info:    Checking defaults for OMS/cmsy/m/n on input line 129.
LaTeX Font Info:    ... okay on input line 129.
LaTeX Font Info:    Checking defaults for OMX/cmex/m/n on input line 129.
LaTeX Font Info:    ... okay on input line 129.
LaTeX Font Info:    Checking defaults for U/cmr/m/n on input line 129.
LaTeX Font Info:    ... okay on input line 129.
LaTeX Font Info:    Checking defaults for T2A/cmr/m/n on input line 129.
LaTeX Font Info:    ... okay on input line 129.
LaTeX Font Info:    Checking defaults for PD1/pdf/m/n on input line 129.
LaTeX Font Info:    ... okay on input line 129.
LaTeX Font Info:    Checking defaults for PU/pdf/m/n on input line 129.
LaTeX Font Info:    ... okay on input line 129.
LaTeX Font Info:    Try loading font information for T2A+ftm on input line 129.

LaTeX Font Info:    No file T2Aftm.fd. on input line 129.


LaTeX Font Warning: Font shape `T2A/ftm/m/n' undefined
(Font)              using `T2A/cmr/m/n' instead on input line 129.

(D:\texmfs\install\tex\latex\ucs\ucsencs.def
File: ucsencs.def 2011/01/21 Fixes to fontencodings LGR, T3
)<<t2a.cmap>>
\AtBeginShipoutBox=\box28
Package hyperref Info: Link coloring OFF on input line 129.

(D:\texmfs\install\tex\latex\hyperref\nameref.sty
Package: nameref 2012/10/27 v2.43 Cross-referencing by name of section

(D:\texmfs\install\tex\generic\oberdiek\gettitlestring.sty
Package: gettitlestring 2016/05/16 v1.5 Cleanup title references (HO)
)
\c@section@level=\count112
)
LaTeX Info: Redefining \ref on input line 129.
LaTeX Info: Redefining \pageref on input line 129.
LaTeX Info: Redefining \nameref on input line 129.
 (lab2.out)
(lab2.out)
\@outlinefile=\write3
\openout3 = `lab2.out'.

\c@lstlisting=\count113
 (D:\texmfs\install\tex\context\base\supp-pdf.mkii
[Loading MPS to PDF converter (version 2006.09.02).]
\scratchcounter=\count114
\scratchdimen=\dimen129
\scratchbox=\box29
\nofMPsegments=\count115
\nofMParguments=\count116
\everyMPshowfont=\toks22
\MPscratchCnt=\count117
\MPscratchDim=\dimen130
\MPnumerator=\count118
\makeMPintoPDFobject=\count119
\everyMPtoPDFconversion=\toks23
) (D:\texmfs\install\tex\latex\oberdiek\epstopdf-base.sty
Package: epstopdf-base 2016/05/15 v2.6 Base part for package epstopdf

(D:\texmfs\install\tex\latex\oberdiek\grfext.sty
Package: grfext 2016/05/16 v1.2 Manage graphics extensions (HO)
)
Package grfext Info: Graphics extension search list:
(grfext)             [.png,.pdf,.jpg,.mps,.jpeg,.jbig2,.jb2,.PNG,.PDF,.JPG,.JPE
G,.JBIG2,.JB2,.eps]
(grfext)             \AppendGraphicsExtensions on input line 456.
)
Package caption Info: Begin \AtBeginDocument code.
Package caption Info: End \AtBeginDocument code.

*geometry* driver: auto-detecting
*geometry* detected driver: pdftex
*geometry* verbose mode - [ preamble ] result:
* driver: pdftex
* paper: a4paper
* layout: <same size as paper>
* layoutoffset:(h,v)=(0.0pt,0.0pt)
* modes: 
* h-part:(L,W,R)=(71.13188pt, 469.47049pt, 56.9055pt)
* v-part:(T,H,B)=(56.9055pt, 731.23584pt, 56.9055pt)
* \paperwidth=597.50787pt
* \paperheight=845.04684pt
* \textwidth=469.47049pt
* \textheight=731.23584pt
* \oddsidemargin=-1.1381pt
* \evensidemargin=-1.1381pt
* \topmargin=-15.36449pt
* \headheight=0.0pt
* \headsep=0.0pt
* \topskip=10.0pt
* \footskip=30.0pt
* \marginparwidth=57.0pt
* \marginparsep=11.0pt
* \columnsep=10.0pt
* \skip\footins=9.0pt plus 4.0pt minus 2.0pt
* \hoffset=0.0pt
* \voffset=0.0pt
* \mag=1000
* \@twocolumnfalse
* \@twosidefalse
* \@mparswitchfalse
* \@reversemarginfalse
* (1in=72.27pt=25.4mm, 1cm=28.453pt)

(D:\texmfs\install\tex\latex\ucs\uni-4.def
File: uni-4.def 2013/05/13 UCS: Unicode data U+0400..U+04FF
)
(D:\texmfs\install\tex\latex\ucs\uni-33.def
File: uni-33.def 2013/05/13 UCS: Unicode data U+2100..U+21FF
)

LaTeX Font Warning: Font shape `T2A/ftm/bx/n' undefined
(Font)              using `T2A/ftm/m/n' instead on input line 148.

<<ot1.cmap>><<oml.cmap>><<oms.cmap>>
LaTeX Font Info:    External font `cmex10' loaded for size
(Font)              <7> on input line 159.
<<omx.cmap>>
LaTeX Font Info:    External font `cmex10' loaded for size
(Font)              <5> on input line 159.
Package babel Info: Redefining russian shorthand "|
(babel)             in language append on input line 172.
Package babel Info: Redefining russian shorthand "~
(babel)             in language append on input line 172.
Package babel Info: Redefining russian shorthand "|
(babel)             in language append on input line 172.
Package babel Info: Redefining russian shorthand "~
(babel)             in language append on input line 172.
 [1

{D:/texmfs/data/pdftex/config/pdftex.map}]
Package babel Info: Redefining russian shorthand "|
(babel)             in language append on input line 176.
Package babel Info: Redefining russian shorthand "~
(babel)             in language append on input line 176.
Package babel Info: Redefining russian shorthand "|
(babel)             in language append on input line 179.
Package babel Info: Redefining russian shorthand "~
(babel)             in language append on input line 179.
Package babel Info: Redefining russian shorthand "|
(babel)             in language append on input line 188.
Package babel Info: Redefining russian shorthand "~
(babel)             in language append on input line 188.
 <pic/ipconfig.png, id=52, 671.50874pt x 676.5275pt>
File: pic/ipconfig.png Graphic file (type png)

<use pic/ipconfig.png>
Package pdftex.def Info: pic/ipconfig.png used on input line 190.
(pdftex.def)             Requested size: 335.75356pt x 338.26291pt.
Package babel Info: Redefining russian shorthand "|
(babel)             in language append on input line 195.
Package babel Info: Redefining russian shorthand "~
(babel)             in language append on input line 195.
Package babel Info: Redefining russian shorthand "|
(babel)             in language append on input line 197.
Package babel Info: Redefining russian shorthand "~
(babel)             in language append on input line 197.
 (D:\texmfs\install\tex\latex\ucs\uni-32.def
File: uni-32.def 2013/05/13 UCS: Unicode data U+2000..U+20FF
)
Package babel Info: Redefining russian shorthand "|
(babel)             in language append on input line 200.
Package babel Info: Redefining russian shorthand "~
(babel)             in language append on input line 200.

<pic/passive_sheme.png, id=54, 441.14813pt x 235.63031pt>
File: pic/passive_sheme.png Graphic file (type png)

<use pic/passive_sheme.png>
Package pdftex.def Info: pic/passive_sheme.png used on input line 202.
(pdftex.def)             Requested size: 352.91898pt x 188.5045pt.
Package babel Info: Redefining russian shorthand "|
(babel)             in language append on input line 205.
Package babel Info: Redefining russian shorthand "~
(babel)             in language append on input line 205.
Package babel Info: Redefining russian shorthand "|
(babel)             in language append on input line 205.
Package babel Info: Redefining russian shorthand "~
(babel)             in language append on input line 205.
pdfTeX warning (ext4): destination with the same identifier (name{page.1}) has 
been already used, duplicate ignored
<to be read again> 
                   \relax 
l.205 	\end{figure}
                    [1 <./pic/ipconfig.png>]
<pic/ftp_passiven.jpg, id=64, 654.94687pt x 330.48468pt>
File: pic/ftp_passiven.jpg Graphic file (type jpg)

<use pic/ftp_passiven.jpg>
Package pdftex.def Info: pic/ftp_passiven.jpg used on input line 211.
(pdftex.def)             Requested size: 458.45969pt x 231.33769pt.
Package babel Info: Redefining russian shorthand "|
(babel)             in language append on input line 216.
Package babel Info: Redefining russian shorthand "~
(babel)             in language append on input line 216.
Package babel Info: Redefining russian shorthand "|
(babel)             in language append on input line 216.
Package babel Info: Redefining russian shorthand "~
(babel)             in language append on input line 216.
 [2 <./pic/passive_sheme.png> <./pic/ftp_passiven.jpg>] <pic/ftp_passive2n.jpg,
 id=72, 660.96938pt x 329.73187pt>
File: pic/ftp_passive2n.jpg Graphic file (type jpg)

<use pic/ftp_passive2n.jpg>
Package pdftex.def Info: pic/ftp_passive2n.jpg used on input line 220.
(pdftex.def)             Requested size: 462.6754pt x 230.81071pt.

<pic/ftp_passive3n.jpg, id=73, 662.475pt x 331.2375pt>
File: pic/ftp_passive3n.jpg Graphic file (type jpg)

<use pic/ftp_passive3n.jpg>
Package pdftex.def Info: pic/ftp_passive3n.jpg used on input line 227.
(pdftex.def)             Requested size: 463.72934pt x 231.86465pt.
 (D:\texmfs\install\tex\latex\ucs\uni-0.def
File: uni-0.def 2013/05/13 UCS: Unicode data U+0000..U+00FF
)
Package babel Info: Redefining russian shorthand "|
(babel)             in language append on input line 234.
Package babel Info: Redefining russian shorthand "~
(babel)             in language append on input line 234.
Package babel Info: Redefining russian shorthand "|
(babel)             in language append on input line 234.
Package babel Info: Redefining russian shorthand "~
(babel)             in language append on input line 234.

[3 <./pic/ftp_passive2n.jpg> <./pic/ftp_passive3n.jpg>]
<pic/ftp_file3.jpg, id=80, 963.6pt x 751.30687pt>
File: pic/ftp_file3.jpg Graphic file (type jpg)
 <use pic/ftp_file3.jpg>
Package pdftex.def Info: pic/ftp_file3.jpg used on input line 237.
(pdftex.def)             Requested size: 481.79883pt x 375.65251pt.

Overfull \hbox (12.32834pt too wide) in paragraph at lines 237--238
 [] 
 []

<pic/ftp_file4.jpg, id=81, 963.6pt x 751.30687pt>
File: pic/ftp_file4.jpg Graphic file (type jpg)
 <use pic/ftp_file4.jpg>
Package pdftex.def Info: pic/ftp_file4.jpg used on input line 243.
(pdftex.def)             Requested size: 481.79883pt x 375.65251pt.

Overfull \hbox (12.32834pt too wide) in paragraph at lines 243--244
 [] 
 []


LaTeX Warning: `!h' float specifier changed to `!ht'.

Package babel Info: Redefining russian shorthand "|
(babel)             in language append on input line 247.
Package babel Info: Redefining russian shorthand "~
(babel)             in language append on input line 247.
Package babel Info: Redefining russian shorthand "|
(babel)             in language append on input line 247.
Package babel Info: Redefining russian shorthand "~
(babel)             in language append on input line 247.
[4 <./pic/ftp_file3.jpg>]
Package babel Info: Redefining russian shorthand "|
(babel)             in language append on input line 250.
Package babel Info: Redefining russian shorthand "~
(babel)             in language append on input line 250.

<pic/active_sheme.png, id=87, 658.71094pt x 344.78813pt>
File: pic/active_sheme.png Graphic file (type png)

<use pic/active_sheme.png>
Package pdftex.def Info: pic/active_sheme.png used on input line 253.
(pdftex.def)             Requested size: 461.09451pt x 241.35004pt.
 <pic/port.jpg, id=88, 633.11531pt x 304.88907pt>
File: pic/port.jpg Graphic file (type jpg)

<use pic/port.jpg>
Package pdftex.def Info: pic/port.jpg used on input line 261.
(pdftex.def)             Requested size: 443.17769pt x 213.42088pt.
Package babel Info: Redefining russian shorthand "|
(babel)             in language append on input line 264.
Package babel Info: Redefining russian shorthand "~
(babel)             in language append on input line 264.
Package babel Info: Redefining russian shorthand "|
(babel)             in language append on input line 264.
Package babel Info: Redefining russian shorthand "~
(babel)             in language append on input line 264.
 [5 <./pic/ftp_file4.jpg> <./pic/active_sheme.png>]
<pic/portok.jpg, id=96, 634.62094pt x 283.81032pt>
File: pic/portok.jpg Graphic file (type jpg)
 <use pic/portok.jpg>
Package pdftex.def Info: pic/portok.jpg used on input line 269.
(pdftex.def)             Requested size: 444.23163pt x 198.66586pt.
Package babel Info: Redefining russian shorthand "|
(babel)             in language append on input line 274.
Package babel Info: Redefining russian shorthand "~
(babel)             in language append on input line 274.
Package babel Info: Redefining russian shorthand "|
(babel)             in language append on input line 274.
Package babel Info: Redefining russian shorthand "~
(babel)             in language append on input line 274.

[6 <./pic/port.jpg> <./pic/portok.jpg>]
<pic/files_req.jpg, id=104, 626.34pt x 274.77657pt>
File: pic/files_req.jpg Graphic file (type jpg)
 <use pic/files_req.jpg>
Package pdftex.def Info: pic/files_req.jpg used on input line 276.
(pdftex.def)             Requested size: 501.07266pt x 219.82153pt.

Overfull \hbox (31.60217pt too wide) in paragraph at lines 276--277
 [] 
 []

<pic/req.jpg, id=105, 654.19406pt x 213.04594pt>
File: pic/req.jpg Graphic file (type jpg)
 <use pic/req.jpg>
Package pdftex.def Info: pic/req.jpg used on input line 284.
(pdftex.def)             Requested size: 523.35596pt x 170.43697pt.

Overfull \hbox (53.88547pt too wide) in paragraph at lines 284--285
 [] 
 []

<pic/ackn.jpg, id=106, 617.30624pt x 234.8775pt>
File: pic/ackn.jpg Graphic file (type jpg)
 <use pic/ackn.jpg>
Package pdftex.def Info: pic/ackn.jpg used on input line 290.
(pdftex.def)             Requested size: 493.84566pt x 187.90225pt.

Overfull \hbox (24.37517pt too wide) in paragraph at lines 290--291
 [] 
 []

Package babel Info: Redefining russian shorthand "|
(babel)             in language append on input line 295.
Package babel Info: Redefining russian shorthand "~
(babel)             in language append on input line 295.
Package babel Info: Redefining russian shorthand "|
(babel)             in language append on input line 295.
Package babel Info: Redefining russian shorthand "~
(babel)             in language append on input line 295.
[7 <./pic/files_req.jpg> <./pic/req.jpg> <./pic/ackn.jpg>]
Package babel Info: Redefining russian shorthand "|
(babel)             in language append on input line 299.
Package babel Info: Redefining russian shorthand "~
(babel)             in language append on input line 299.

<pic/anon.png, id=114, 752.8125pt x 351.56343pt>
File: pic/anon.png Graphic file (type png)
 <use pic/anon.png>
Package pdftex.def Info: pic/anon.png used on input line 306.
(pdftex.def)             Requested size: 526.96515pt x 246.09271pt.

Overfull \hbox (57.49466pt too wide) in paragraph at lines 306--307
 [] 
 []

<pic/anon2.png, id=115, 733.99219pt x 357.58594pt>
File: pic/anon2.png Graphic file (type png)
 <use pic/anon2.png>
Package pdftex.def Info: pic/anon2.png used on input line 313.
(pdftex.def)             Requested size: 513.79103pt x 250.30844pt.

Overfull \hbox (44.32054pt too wide) in paragraph at lines 313--314
 [] 
 []


LaTeX Warning: `!h' float specifier changed to `!ht'.

Package babel Info: Redefining russian shorthand "|
(babel)             in language append on input line 318.
Package babel Info: Redefining russian shorthand "~
(babel)             in language append on input line 318.
Package babel Info: Redefining russian shorthand "|
(babel)             in language append on input line 318.
Package babel Info: Redefining russian shorthand "~
(babel)             in language append on input line 318.
[8 <./pic/anon.png>] <pic/ftp_ack3.jpg, id=122, 617.30624pt x 242.40562pt>
File: pic/ftp_ack3.jpg Graphic file (type jpg)

<use pic/ftp_ack3.jpg>
Package pdftex.def Info: pic/ftp_ack3.jpg used on input line 323.
(pdftex.def)             Requested size: 493.84566pt x 193.92474pt.

Overfull \hbox (24.37517pt too wide) in paragraph at lines 323--324
 [] 
 []

Package babel Info: Redefining russian shorthand "|
(babel)             in language append on input line 329.
Package babel Info: Redefining russian shorthand "~
(babel)             in language append on input line 329.
Package babel Info: Redefining russian shorthand "|
(babel)             in language append on input line 338.
Package babel Info: Redefining russian shorthand "~
(babel)             in language append on input line 338.
Package babel Info: Redefining russian shorthand "|
(babel)             in language append on input line 338.
Package babel Info: Redefining russian shorthand "~
(babel)             in language append on input line 338.
[9 <./pic/anon2.png> <./pic/ftp_ack3.jpg>]
Package atveryend Info: Empty hook `BeforeClearDocument' on input line 351.
Package babel Info: Redefining russian shorthand "|
(babel)             in language append on input line 351.
Package babel Info: Redefining russian shorthand "~
(babel)             in language append on input line 351.
Package babel Info: Redefining russian shorthand "|
(babel)             in language append on input line 351.
Package babel Info: Redefining russian shorthand "~
(babel)             in language append on input line 351.
 [10]
Package atveryend Info: Empty hook `AfterLastShipout' on input line 351.
 (lab2.aux
LaTeX Font Info:    Try loading font information for OT1+ftm on input line 20.
LaTeX Font Info:    No file OT1ftm.fd. on input line 20.


LaTeX Font Warning: Font shape `OT1/ftm/m/n' undefined
(Font)              using `OT1/cmr/m/n' instead on input line 20.

)
Package atveryend Info: Executing hook `AtVeryEndDocument' on input line 351.
Package atveryend Info: Executing hook `AtEndAfterFileList' on input line 351.
Package rerunfilecheck Info: File `lab2.out' has not changed.
(rerunfilecheck)             Checksum: CB477FEA1135A2CED56B6AA8BB454B10;1531.


LaTeX Font Warning: Some font shapes were not available, defaults substituted.


LaTeX Warning: There were multiply-defined labels.

Package atveryend Info: Empty hook `AtVeryVeryEnd' on input line 351.
 ) 
Here is how much of TeX's memory you used:
 14091 strings out of 493335
 196131 string characters out of 3143659
 264470 words of memory out of 3000000
 17434 multiletter control sequences out of 15000+200000
 6853 words of font info for 18 fonts, out of 3000000 for 9000
 1141 hyphenation exceptions out of 8191
 36i,8n,39p,1171b,663s stack positions out of 5000i,500n,10000p,200000b,50000s
 <D:\texmfs/data\fonts\pk\ljfour\lh\lh-t2a\dpi600\larm1440.pk> <D:\texmfs/dat
a\fonts\pk\ljfour\unknown\unknown\dpi600\larm1000.pk> <D:\texmfs/data\fonts\pk\
ljfour\lh\lh-t2a\dpi600\larm2074.pk> <D:\texmfs/data\fonts\pk\ljfour\lh\lh-t2a\
dpi600\larm1200.pk>
Output written on lab2.pdf (11 pages, 2042670 bytes).
PDF statistics:
 355 PDF objects out of 1000 (max. 8388607)
 41 named destinations out of 1000 (max. 500000)
 173 words of extra memory for PDF output out of 10000 (max. 10000000)

